<?xml version="1.0" encoding="UTF-8"?>
<!-- Generated by org.testng.reporters.JUnitReportReporter -->
<testsuite skipped="0" hostname="Prasanna" name="com.mcafee.testcase.RegisterNewUser" tests="1" failures="0" timestamp="3 May 2020 12:05:18 GMT" time="9.833" errors="0">
  <testcase name="Register_NewUser" time="9.833" classname="com.mcafee.testcase.RegisterNewUser"/>
</testsuite> <!-- com.mcafee.testcase.RegisterNewUser -->
