<?xml version="1.0" encoding="UTF-8"?>
<!-- Generated by org.testng.reporters.JUnitReportReporter -->
<testsuite skipped="0" hostname="A2ML38502" name="com.mcafee.testcase.RegisterNewUser" tests="1" failures="0" timestamp="2020-05-10T19:22:21 IST" time="15.288" errors="0">
  <testcase name="Register_NewUser" time="15.288" classname="com.mcafee.testcase.RegisterNewUser"/>
  <system-out/>
</testsuite> <!-- com.mcafee.testcase.RegisterNewUser -->
